D:\TEMP\PVR\ПКШ_ЛР4_5\LAB4_1\DEBUG\DBDATE5.OBJ
D:\TEMP\PVR\ПКШ_ЛР4_5\LAB4_1\DEBUG\DBTABLETXT5.OBJ
D:\TEMP\PVR\ПКШ_ЛР4_5\LAB4_1\DEBUG\TESTLAB41_51.OBJ
D:\TEMP\PVR\ПКШ_ЛР4_5\LAB4_1\DEBUG\VC110.PDB
D:\TEMP\PVR\ПКШ_ЛР4_5\DEBUG\LAB4_1.PDB
D:\temp\pvr\ПКШ_ЛР4_5\Lab4_1\Debug\DBDate5.obj
D:\temp\pvr\ПКШ_ЛР4_5\Lab4_1\Debug\DBTableTxt5.obj
D:\temp\pvr\ПКШ_ЛР4_5\Lab4_1\Debug\testLab41_51.obj
D:\temp\pvr\ПКШ_ЛР4_5\Lab4_1\Debug\cl.command.1.tlog
D:\temp\pvr\ПКШ_ЛР4_5\Lab4_1\Debug\CL.read.1.tlog
D:\temp\pvr\ПКШ_ЛР4_5\Lab4_1\Debug\CL.write.1.tlog
D:\temp\pvr\ПКШ_ЛР4_5\Lab4_1\Debug\link-cvtres.read.1.tlog
D:\temp\pvr\ПКШ_ЛР4_5\Lab4_1\Debug\link-cvtres.write.1.tlog
D:\temp\pvr\ПКШ_ЛР4_5\Lab4_1\Debug\link-rc.read.1.tlog
D:\temp\pvr\ПКШ_ЛР4_5\Lab4_1\Debug\link-rc.write.1.tlog
D:\temp\pvr\ПКШ_ЛР4_5\Lab4_1\Debug\link.command.1.tlog
D:\temp\pvr\ПКШ_ЛР4_5\Lab4_1\Debug\link.read.1.tlog
D:\temp\pvr\ПКШ_ЛР4_5\Lab4_1\Debug\link.read.2.tlog
D:\temp\pvr\ПКШ_ЛР4_5\Lab4_1\Debug\link.write.1.tlog
D:\temp\pvr\ПКШ_ЛР4_5\Lab4_1\Debug\vc110.idb
D:\temp\pvr\ПКШ_ЛР4_5\Lab4_1\Debug\vc110.pdb
D:\temp\pvr\ПКШ_ЛР4_5\Debug\Lab4_1.pdb
D:\temp\pvr\ПКШ_ЛР4_5\Debug\Lab4_1.exe
D:\temp\pvr\ПКШ_ЛР4_5\Debug\Lab4_1.ilk
