C:\USERS\JDMSH\DESKTOP\PLABS — копия — копия — копия\DZ_COMPANY_5\COMPANY\DEBUG\MAIN.OBJ
C:\USERS\JDMSH\DESKTOP\PLABS — КОПИЯ — КОПИЯ — КОПИЯ\DZ_COMPANY_5\COMPANY\DEBUG\VC110.PDB
C:\USERS\JDMSH\DESKTOP\PLABS — копия — копия — копия\DZ_COMPANY_5\DEBUG\COMPANY.ILK
C:\USERS\JDMSH\DESKTOP\PLABS — копия — копия — копия\DZ_COMPANY_5\DEBUG\COMPANY.EXE
C:\USERS\JDMSH\DESKTOP\PLABS — КОПИЯ — КОПИЯ — КОПИЯ\DZ_COMPANY_5\DEBUG\COMPANY.PDB
C:\Users\jdmsh\Desktop\plabs — копия — копия — копия\DZ_COMPANY_5\Company\Debug\DBDate5.obj
C:\Users\jdmsh\Desktop\plabs — копия — копия — копия\DZ_COMPANY_5\Company\Debug\DBTableBin.obj
C:\Users\jdmsh\Desktop\plabs — копия — копия — копия\DZ_COMPANY_5\Company\Debug\DBTableSet.obj
C:\Users\jdmsh\Desktop\plabs — копия — копия — копия\DZ_COMPANY_5\Company\Debug\DBTableTxt5.obj
C:\Users\jdmsh\Desktop\plabs — копия — копия — копия\DZ_COMPANY_5\Company\Debug\cl.command.1.tlog
C:\Users\jdmsh\Desktop\plabs — копия — копия — копия\DZ_COMPANY_5\Company\Debug\CL.read.1.tlog
C:\Users\jdmsh\Desktop\plabs — копия — копия — копия\DZ_COMPANY_5\Company\Debug\CL.write.1.tlog
C:\Users\jdmsh\Desktop\plabs — копия — копия — копия\DZ_COMPANY_5\Company\Debug\link-cvtres.read.1.tlog
C:\Users\jdmsh\Desktop\plabs — копия — копия — копия\DZ_COMPANY_5\Company\Debug\link-cvtres.write.1.tlog
C:\Users\jdmsh\Desktop\plabs — копия — копия — копия\DZ_COMPANY_5\Company\Debug\link-rc.read.1.tlog
C:\Users\jdmsh\Desktop\plabs — копия — копия — копия\DZ_COMPANY_5\Company\Debug\link-rc.write.1.tlog
C:\Users\jdmsh\Desktop\plabs — копия — копия — копия\DZ_COMPANY_5\Company\Debug\link.10320-cvtres.read.1.tlog
C:\Users\jdmsh\Desktop\plabs — копия — копия — копия\DZ_COMPANY_5\Company\Debug\link.10320-cvtres.write.1.tlog
C:\Users\jdmsh\Desktop\plabs — копия — копия — копия\DZ_COMPANY_5\Company\Debug\link.10320-rc.read.1.tlog
C:\Users\jdmsh\Desktop\plabs — копия — копия — копия\DZ_COMPANY_5\Company\Debug\link.10320-rc.write.1.tlog
C:\Users\jdmsh\Desktop\plabs — копия — копия — копия\DZ_COMPANY_5\Company\Debug\link.10320.read.1.tlog
C:\Users\jdmsh\Desktop\plabs — копия — копия — копия\DZ_COMPANY_5\Company\Debug\link.10320.write.1.tlog
C:\Users\jdmsh\Desktop\plabs — копия — копия — копия\DZ_COMPANY_5\Company\Debug\link.10548-cvtres.read.1.tlog
C:\Users\jdmsh\Desktop\plabs — копия — копия — копия\DZ_COMPANY_5\Company\Debug\link.10548-cvtres.write.1.tlog
C:\Users\jdmsh\Desktop\plabs — копия — копия — копия\DZ_COMPANY_5\Company\Debug\link.10548-rc.read.1.tlog
C:\Users\jdmsh\Desktop\plabs — копия — копия — копия\DZ_COMPANY_5\Company\Debug\link.10548-rc.write.1.tlog
C:\Users\jdmsh\Desktop\plabs — копия — копия — копия\DZ_COMPANY_5\Company\Debug\link.10548.read.1.tlog
C:\Users\jdmsh\Desktop\plabs — копия — копия — копия\DZ_COMPANY_5\Company\Debug\link.10548.write.1.tlog
C:\Users\jdmsh\Desktop\plabs — копия — копия — копия\DZ_COMPANY_5\Company\Debug\link.10612-cvtres.read.1.tlog
C:\Users\jdmsh\Desktop\plabs — копия — копия — копия\DZ_COMPANY_5\Company\Debug\link.10612-cvtres.write.1.tlog
C:\Users\jdmsh\Desktop\plabs — копия — копия — копия\DZ_COMPANY_5\Company\Debug\link.10612-rc.read.1.tlog
C:\Users\jdmsh\Desktop\plabs — копия — копия — копия\DZ_COMPANY_5\Company\Debug\link.10612-rc.write.1.tlog
C:\Users\jdmsh\Desktop\plabs — копия — копия — копия\DZ_COMPANY_5\Company\Debug\link.10612.read.1.tlog
C:\Users\jdmsh\Desktop\plabs — копия — копия — копия\DZ_COMPANY_5\Company\Debug\link.10612.write.1.tlog
C:\Users\jdmsh\Desktop\plabs — копия — копия — копия\DZ_COMPANY_5\Company\Debug\link.10772-cvtres.read.1.tlog
C:\Users\jdmsh\Desktop\plabs — копия — копия — копия\DZ_COMPANY_5\Company\Debug\link.10772-cvtres.write.1.tlog
C:\Users\jdmsh\Desktop\plabs — копия — копия — копия\DZ_COMPANY_5\Company\Debug\link.10772-rc.read.1.tlog
C:\Users\jdmsh\Desktop\plabs — копия — копия — копия\DZ_COMPANY_5\Company\Debug\link.10772-rc.write.1.tlog
C:\Users\jdmsh\Desktop\plabs — копия — копия — копия\DZ_COMPANY_5\Company\Debug\link.10772.read.1.tlog
C:\Users\jdmsh\Desktop\plabs — копия — копия — копия\DZ_COMPANY_5\Company\Debug\link.10772.write.1.tlog
C:\Users\jdmsh\Desktop\plabs — копия — копия — копия\DZ_COMPANY_5\Company\Debug\link.10860-cvtres.read.1.tlog
C:\Users\jdmsh\Desktop\plabs — копия — копия — копия\DZ_COMPANY_5\Company\Debug\link.10860-cvtres.write.1.tlog
C:\Users\jdmsh\Desktop\plabs — копия — копия — копия\DZ_COMPANY_5\Company\Debug\link.10860-rc.read.1.tlog
C:\Users\jdmsh\Desktop\plabs — копия — копия — копия\DZ_COMPANY_5\Company\Debug\link.10860-rc.write.1.tlog
C:\Users\jdmsh\Desktop\plabs — копия — копия — копия\DZ_COMPANY_5\Company\Debug\link.10860.read.1.tlog
C:\Users\jdmsh\Desktop\plabs — копия — копия — копия\DZ_COMPANY_5\Company\Debug\link.10860.write.1.tlog
C:\Users\jdmsh\Desktop\plabs — копия — копия — копия\DZ_COMPANY_5\Company\Debug\link.11196-cvtres.read.1.tlog
C:\Users\jdmsh\Desktop\plabs — копия — копия — копия\DZ_COMPANY_5\Company\Debug\link.11196-cvtres.write.1.tlog
C:\Users\jdmsh\Desktop\plabs — копия — копия — копия\DZ_COMPANY_5\Company\Debug\link.11196-rc.read.1.tlog
C:\Users\jdmsh\Desktop\plabs — копия — копия — копия\DZ_COMPANY_5\Company\Debug\link.11196-rc.write.1.tlog
C:\Users\jdmsh\Desktop\plabs — копия — копия — копия\DZ_COMPANY_5\Company\Debug\link.11196.read.1.tlog
C:\Users\jdmsh\Desktop\plabs — копия — копия — копия\DZ_COMPANY_5\Company\Debug\link.11196.write.1.tlog
C:\Users\jdmsh\Desktop\plabs — копия — копия — копия\DZ_COMPANY_5\Company\Debug\link.11316-cvtres.read.1.tlog
C:\Users\jdmsh\Desktop\plabs — копия — копия — копия\DZ_COMPANY_5\Company\Debug\link.11316-cvtres.write.1.tlog
C:\Users\jdmsh\Desktop\plabs — копия — копия — копия\DZ_COMPANY_5\Company\Debug\link.11316-rc.read.1.tlog
C:\Users\jdmsh\Desktop\plabs — копия — копия — копия\DZ_COMPANY_5\Company\Debug\link.11316-rc.write.1.tlog
C:\Users\jdmsh\Desktop\plabs — копия — копия — копия\DZ_COMPANY_5\Company\Debug\link.11316.read.1.tlog
C:\Users\jdmsh\Desktop\plabs — копия — копия — копия\DZ_COMPANY_5\Company\Debug\link.11316.write.1.tlog
C:\Users\jdmsh\Desktop\plabs — копия — копия — копия\DZ_COMPANY_5\Company\Debug\link.11372-cvtres.read.1.tlog
C:\Users\jdmsh\Desktop\plabs — копия — копия — копия\DZ_COMPANY_5\Company\Debug\link.11372-cvtres.write.1.tlog
C:\Users\jdmsh\Desktop\plabs — копия — копия — копия\DZ_COMPANY_5\Company\Debug\link.11372-rc.read.1.tlog
C:\Users\jdmsh\Desktop\plabs — копия — копия — копия\DZ_COMPANY_5\Company\Debug\link.11372-rc.write.1.tlog
C:\Users\jdmsh\Desktop\plabs — копия — копия — копия\DZ_COMPANY_5\Company\Debug\link.11372.read.1.tlog
C:\Users\jdmsh\Desktop\plabs — копия — копия — копия\DZ_COMPANY_5\Company\Debug\link.11372.write.1.tlog
C:\Users\jdmsh\Desktop\plabs — копия — копия — копия\DZ_COMPANY_5\Company\Debug\link.12100-cvtres.read.1.tlog
C:\Users\jdmsh\Desktop\plabs — копия — копия — копия\DZ_COMPANY_5\Company\Debug\link.12100-cvtres.write.1.tlog
C:\Users\jdmsh\Desktop\plabs — копия — копия — копия\DZ_COMPANY_5\Company\Debug\link.12100-rc.read.1.tlog
C:\Users\jdmsh\Desktop\plabs — копия — копия — копия\DZ_COMPANY_5\Company\Debug\link.12100-rc.write.1.tlog
C:\Users\jdmsh\Desktop\plabs — копия — копия — копия\DZ_COMPANY_5\Company\Debug\link.12100.read.1.tlog
C:\Users\jdmsh\Desktop\plabs — копия — копия — копия\DZ_COMPANY_5\Company\Debug\link.12100.write.1.tlog
C:\Users\jdmsh\Desktop\plabs — копия — копия — копия\DZ_COMPANY_5\Company\Debug\link.12256-cvtres.read.1.tlog
C:\Users\jdmsh\Desktop\plabs — копия — копия — копия\DZ_COMPANY_5\Company\Debug\link.12256-cvtres.write.1.tlog
C:\Users\jdmsh\Desktop\plabs — копия — копия — копия\DZ_COMPANY_5\Company\Debug\link.12256-rc.read.1.tlog
C:\Users\jdmsh\Desktop\plabs — копия — копия — копия\DZ_COMPANY_5\Company\Debug\link.12256-rc.write.1.tlog
C:\Users\jdmsh\Desktop\plabs — копия — копия — копия\DZ_COMPANY_5\Company\Debug\link.12256.read.1.tlog
C:\Users\jdmsh\Desktop\plabs — копия — копия — копия\DZ_COMPANY_5\Company\Debug\link.12256.write.1.tlog
C:\Users\jdmsh\Desktop\plabs — копия — копия — копия\DZ_COMPANY_5\Company\Debug\link.12432-cvtres.read.1.tlog
C:\Users\jdmsh\Desktop\plabs — копия — копия — копия\DZ_COMPANY_5\Company\Debug\link.12432-cvtres.write.1.tlog
C:\Users\jdmsh\Desktop\plabs — копия — копия — копия\DZ_COMPANY_5\Company\Debug\link.12432-rc.read.1.tlog
C:\Users\jdmsh\Desktop\plabs — копия — копия — копия\DZ_COMPANY_5\Company\Debug\link.12432-rc.write.1.tlog
C:\Users\jdmsh\Desktop\plabs — копия — копия — копия\DZ_COMPANY_5\Company\Debug\link.12432.read.1.tlog
C:\Users\jdmsh\Desktop\plabs — копия — копия — копия\DZ_COMPANY_5\Company\Debug\link.12432.write.1.tlog
C:\Users\jdmsh\Desktop\plabs — копия — копия — копия\DZ_COMPANY_5\Company\Debug\link.12692-cvtres.read.1.tlog
C:\Users\jdmsh\Desktop\plabs — копия — копия — копия\DZ_COMPANY_5\Company\Debug\link.12692-cvtres.write.1.tlog
C:\Users\jdmsh\Desktop\plabs — копия — копия — копия\DZ_COMPANY_5\Company\Debug\link.12692-rc.read.1.tlog
C:\Users\jdmsh\Desktop\plabs — копия — копия — копия\DZ_COMPANY_5\Company\Debug\link.12692-rc.write.1.tlog
C:\Users\jdmsh\Desktop\plabs — копия — копия — копия\DZ_COMPANY_5\Company\Debug\link.12692.read.1.tlog
C:\Users\jdmsh\Desktop\plabs — копия — копия — копия\DZ_COMPANY_5\Company\Debug\link.12692.read.2.tlog
C:\Users\jdmsh\Desktop\plabs — копия — копия — копия\DZ_COMPANY_5\Company\Debug\link.12692.write.1.tlog
C:\Users\jdmsh\Desktop\plabs — копия — копия — копия\DZ_COMPANY_5\Company\Debug\link.13240-cvtres.read.1.tlog
C:\Users\jdmsh\Desktop\plabs — копия — копия — копия\DZ_COMPANY_5\Company\Debug\link.13240-cvtres.write.1.tlog
C:\Users\jdmsh\Desktop\plabs — копия — копия — копия\DZ_COMPANY_5\Company\Debug\link.13240-rc.read.1.tlog
C:\Users\jdmsh\Desktop\plabs — копия — копия — копия\DZ_COMPANY_5\Company\Debug\link.13240-rc.write.1.tlog
C:\Users\jdmsh\Desktop\plabs — копия — копия — копия\DZ_COMPANY_5\Company\Debug\link.13240.read.1.tlog
C:\Users\jdmsh\Desktop\plabs — копия — копия — копия\DZ_COMPANY_5\Company\Debug\link.13240.read.2.tlog
C:\Users\jdmsh\Desktop\plabs — копия — копия — копия\DZ_COMPANY_5\Company\Debug\link.13240.write.1.tlog
C:\Users\jdmsh\Desktop\plabs — копия — копия — копия\DZ_COMPANY_5\Company\Debug\link.13648-cvtres.read.1.tlog
C:\Users\jdmsh\Desktop\plabs — копия — копия — копия\DZ_COMPANY_5\Company\Debug\link.13648-cvtres.write.1.tlog
C:\Users\jdmsh\Desktop\plabs — копия — копия — копия\DZ_COMPANY_5\Company\Debug\link.13648-rc.read.1.tlog
C:\Users\jdmsh\Desktop\plabs — копия — копия — копия\DZ_COMPANY_5\Company\Debug\link.13648-rc.write.1.tlog
C:\Users\jdmsh\Desktop\plabs — копия — копия — копия\DZ_COMPANY_5\Company\Debug\link.13648.read.1.tlog
C:\Users\jdmsh\Desktop\plabs — копия — копия — копия\DZ_COMPANY_5\Company\Debug\link.13648.write.1.tlog
C:\Users\jdmsh\Desktop\plabs — копия — копия — копия\DZ_COMPANY_5\Company\Debug\link.13796-cvtres.read.1.tlog
C:\Users\jdmsh\Desktop\plabs — копия — копия — копия\DZ_COMPANY_5\Company\Debug\link.13796-cvtres.write.1.tlog
C:\Users\jdmsh\Desktop\plabs — копия — копия — копия\DZ_COMPANY_5\Company\Debug\link.13796-rc.read.1.tlog
C:\Users\jdmsh\Desktop\plabs — копия — копия — копия\DZ_COMPANY_5\Company\Debug\link.13796-rc.write.1.tlog
C:\Users\jdmsh\Desktop\plabs — копия — копия — копия\DZ_COMPANY_5\Company\Debug\link.13796.read.1.tlog
C:\Users\jdmsh\Desktop\plabs — копия — копия — копия\DZ_COMPANY_5\Company\Debug\link.13796.write.1.tlog
C:\Users\jdmsh\Desktop\plabs — копия — копия — копия\DZ_COMPANY_5\Company\Debug\link.14752-cvtres.read.1.tlog
C:\Users\jdmsh\Desktop\plabs — копия — копия — копия\DZ_COMPANY_5\Company\Debug\link.14752-cvtres.write.1.tlog
C:\Users\jdmsh\Desktop\plabs — копия — копия — копия\DZ_COMPANY_5\Company\Debug\link.14752-rc.read.1.tlog
C:\Users\jdmsh\Desktop\plabs — копия — копия — копия\DZ_COMPANY_5\Company\Debug\link.14752-rc.write.1.tlog
C:\Users\jdmsh\Desktop\plabs — копия — копия — копия\DZ_COMPANY_5\Company\Debug\link.14752.read.1.tlog
C:\Users\jdmsh\Desktop\plabs — копия — копия — копия\DZ_COMPANY_5\Company\Debug\link.14752.read.2.tlog
C:\Users\jdmsh\Desktop\plabs — копия — копия — копия\DZ_COMPANY_5\Company\Debug\link.14752.write.1.tlog
C:\Users\jdmsh\Desktop\plabs — копия — копия — копия\DZ_COMPANY_5\Company\Debug\link.15096-cvtres.read.1.tlog
C:\Users\jdmsh\Desktop\plabs — копия — копия — копия\DZ_COMPANY_5\Company\Debug\link.15096-cvtres.write.1.tlog
C:\Users\jdmsh\Desktop\plabs — копия — копия — копия\DZ_COMPANY_5\Company\Debug\link.15096-rc.read.1.tlog
C:\Users\jdmsh\Desktop\plabs — копия — копия — копия\DZ_COMPANY_5\Company\Debug\link.15096-rc.write.1.tlog
C:\Users\jdmsh\Desktop\plabs — копия — копия — копия\DZ_COMPANY_5\Company\Debug\link.15096.read.1.tlog
C:\Users\jdmsh\Desktop\plabs — копия — копия — копия\DZ_COMPANY_5\Company\Debug\link.15096.read.2.tlog
C:\Users\jdmsh\Desktop\plabs — копия — копия — копия\DZ_COMPANY_5\Company\Debug\link.15096.write.1.tlog
C:\Users\jdmsh\Desktop\plabs — копия — копия — копия\DZ_COMPANY_5\Company\Debug\link.2396-cvtres.read.1.tlog
C:\Users\jdmsh\Desktop\plabs — копия — копия — копия\DZ_COMPANY_5\Company\Debug\link.2396-cvtres.write.1.tlog
C:\Users\jdmsh\Desktop\plabs — копия — копия — копия\DZ_COMPANY_5\Company\Debug\link.2396-rc.read.1.tlog
C:\Users\jdmsh\Desktop\plabs — копия — копия — копия\DZ_COMPANY_5\Company\Debug\link.2396-rc.write.1.tlog
C:\Users\jdmsh\Desktop\plabs — копия — копия — копия\DZ_COMPANY_5\Company\Debug\link.2396.read.1.tlog
C:\Users\jdmsh\Desktop\plabs — копия — копия — копия\DZ_COMPANY_5\Company\Debug\link.2396.write.1.tlog
C:\Users\jdmsh\Desktop\plabs — копия — копия — копия\DZ_COMPANY_5\Company\Debug\link.2688-cvtres.read.1.tlog
C:\Users\jdmsh\Desktop\plabs — копия — копия — копия\DZ_COMPANY_5\Company\Debug\link.2688-cvtres.write.1.tlog
C:\Users\jdmsh\Desktop\plabs — копия — копия — копия\DZ_COMPANY_5\Company\Debug\link.2688-rc.read.1.tlog
C:\Users\jdmsh\Desktop\plabs — копия — копия — копия\DZ_COMPANY_5\Company\Debug\link.2688-rc.write.1.tlog
C:\Users\jdmsh\Desktop\plabs — копия — копия — копия\DZ_COMPANY_5\Company\Debug\link.2688.read.1.tlog
C:\Users\jdmsh\Desktop\plabs — копия — копия — копия\DZ_COMPANY_5\Company\Debug\link.2688.write.1.tlog
C:\Users\jdmsh\Desktop\plabs — копия — копия — копия\DZ_COMPANY_5\Company\Debug\link.2840-cvtres.read.1.tlog
C:\Users\jdmsh\Desktop\plabs — копия — копия — копия\DZ_COMPANY_5\Company\Debug\link.2840-cvtres.write.1.tlog
C:\Users\jdmsh\Desktop\plabs — копия — копия — копия\DZ_COMPANY_5\Company\Debug\link.2840-rc.read.1.tlog
C:\Users\jdmsh\Desktop\plabs — копия — копия — копия\DZ_COMPANY_5\Company\Debug\link.2840-rc.write.1.tlog
C:\Users\jdmsh\Desktop\plabs — копия — копия — копия\DZ_COMPANY_5\Company\Debug\link.2840.read.1.tlog
C:\Users\jdmsh\Desktop\plabs — копия — копия — копия\DZ_COMPANY_5\Company\Debug\link.2840.read.2.tlog
C:\Users\jdmsh\Desktop\plabs — копия — копия — копия\DZ_COMPANY_5\Company\Debug\link.2840.write.1.tlog
C:\Users\jdmsh\Desktop\plabs — копия — копия — копия\DZ_COMPANY_5\Company\Debug\link.2976-cvtres.read.1.tlog
C:\Users\jdmsh\Desktop\plabs — копия — копия — копия\DZ_COMPANY_5\Company\Debug\link.2976-cvtres.write.1.tlog
C:\Users\jdmsh\Desktop\plabs — копия — копия — копия\DZ_COMPANY_5\Company\Debug\link.2976-rc.read.1.tlog
C:\Users\jdmsh\Desktop\plabs — копия — копия — копия\DZ_COMPANY_5\Company\Debug\link.2976-rc.write.1.tlog
C:\Users\jdmsh\Desktop\plabs — копия — копия — копия\DZ_COMPANY_5\Company\Debug\link.2976.read.1.tlog
C:\Users\jdmsh\Desktop\plabs — копия — копия — копия\DZ_COMPANY_5\Company\Debug\link.2976.write.1.tlog
C:\Users\jdmsh\Desktop\plabs — копия — копия — копия\DZ_COMPANY_5\Company\Debug\link.3004-cvtres.read.1.tlog
C:\Users\jdmsh\Desktop\plabs — копия — копия — копия\DZ_COMPANY_5\Company\Debug\link.3004-cvtres.write.1.tlog
C:\Users\jdmsh\Desktop\plabs — копия — копия — копия\DZ_COMPANY_5\Company\Debug\link.3004-rc.read.1.tlog
C:\Users\jdmsh\Desktop\plabs — копия — копия — копия\DZ_COMPANY_5\Company\Debug\link.3004-rc.write.1.tlog
C:\Users\jdmsh\Desktop\plabs — копия — копия — копия\DZ_COMPANY_5\Company\Debug\link.3004.read.1.tlog
C:\Users\jdmsh\Desktop\plabs — копия — копия — копия\DZ_COMPANY_5\Company\Debug\link.3004.write.1.tlog
C:\Users\jdmsh\Desktop\plabs — копия — копия — копия\DZ_COMPANY_5\Company\Debug\link.3232-cvtres.read.1.tlog
C:\Users\jdmsh\Desktop\plabs — копия — копия — копия\DZ_COMPANY_5\Company\Debug\link.3232-cvtres.write.1.tlog
C:\Users\jdmsh\Desktop\plabs — копия — копия — копия\DZ_COMPANY_5\Company\Debug\link.3232-rc.read.1.tlog
C:\Users\jdmsh\Desktop\plabs — копия — копия — копия\DZ_COMPANY_5\Company\Debug\link.3232-rc.write.1.tlog
C:\Users\jdmsh\Desktop\plabs — копия — копия — копия\DZ_COMPANY_5\Company\Debug\link.3232.read.1.tlog
C:\Users\jdmsh\Desktop\plabs — копия — копия — копия\DZ_COMPANY_5\Company\Debug\link.3232.write.1.tlog
C:\Users\jdmsh\Desktop\plabs — копия — копия — копия\DZ_COMPANY_5\Company\Debug\link.3876-cvtres.read.1.tlog
C:\Users\jdmsh\Desktop\plabs — копия — копия — копия\DZ_COMPANY_5\Company\Debug\link.3876-cvtres.write.1.tlog
C:\Users\jdmsh\Desktop\plabs — копия — копия — копия\DZ_COMPANY_5\Company\Debug\link.3876-rc.read.1.tlog
C:\Users\jdmsh\Desktop\plabs — копия — копия — копия\DZ_COMPANY_5\Company\Debug\link.3876-rc.write.1.tlog
C:\Users\jdmsh\Desktop\plabs — копия — копия — копия\DZ_COMPANY_5\Company\Debug\link.3876.read.1.tlog
C:\Users\jdmsh\Desktop\plabs — копия — копия — копия\DZ_COMPANY_5\Company\Debug\link.3876.write.1.tlog
C:\Users\jdmsh\Desktop\plabs — копия — копия — копия\DZ_COMPANY_5\Company\Debug\link.4200-cvtres.read.1.tlog
C:\Users\jdmsh\Desktop\plabs — копия — копия — копия\DZ_COMPANY_5\Company\Debug\link.4200-cvtres.write.1.tlog
C:\Users\jdmsh\Desktop\plabs — копия — копия — копия\DZ_COMPANY_5\Company\Debug\link.4200-rc.read.1.tlog
C:\Users\jdmsh\Desktop\plabs — копия — копия — копия\DZ_COMPANY_5\Company\Debug\link.4200-rc.write.1.tlog
C:\Users\jdmsh\Desktop\plabs — копия — копия — копия\DZ_COMPANY_5\Company\Debug\link.4200.read.1.tlog
C:\Users\jdmsh\Desktop\plabs — копия — копия — копия\DZ_COMPANY_5\Company\Debug\link.4200.write.1.tlog
C:\Users\jdmsh\Desktop\plabs — копия — копия — копия\DZ_COMPANY_5\Company\Debug\link.4400-cvtres.read.1.tlog
C:\Users\jdmsh\Desktop\plabs — копия — копия — копия\DZ_COMPANY_5\Company\Debug\link.4400-cvtres.write.1.tlog
C:\Users\jdmsh\Desktop\plabs — копия — копия — копия\DZ_COMPANY_5\Company\Debug\link.4400-rc.read.1.tlog
C:\Users\jdmsh\Desktop\plabs — копия — копия — копия\DZ_COMPANY_5\Company\Debug\link.4400-rc.write.1.tlog
C:\Users\jdmsh\Desktop\plabs — копия — копия — копия\DZ_COMPANY_5\Company\Debug\link.4400.read.1.tlog
C:\Users\jdmsh\Desktop\plabs — копия — копия — копия\DZ_COMPANY_5\Company\Debug\link.4400.write.1.tlog
C:\Users\jdmsh\Desktop\plabs — копия — копия — копия\DZ_COMPANY_5\Company\Debug\link.5892-cvtres.read.1.tlog
C:\Users\jdmsh\Desktop\plabs — копия — копия — копия\DZ_COMPANY_5\Company\Debug\link.5892-cvtres.write.1.tlog
C:\Users\jdmsh\Desktop\plabs — копия — копия — копия\DZ_COMPANY_5\Company\Debug\link.5892-rc.read.1.tlog
C:\Users\jdmsh\Desktop\plabs — копия — копия — копия\DZ_COMPANY_5\Company\Debug\link.5892-rc.write.1.tlog
C:\Users\jdmsh\Desktop\plabs — копия — копия — копия\DZ_COMPANY_5\Company\Debug\link.5892.read.1.tlog
C:\Users\jdmsh\Desktop\plabs — копия — копия — копия\DZ_COMPANY_5\Company\Debug\link.5892.write.1.tlog
C:\Users\jdmsh\Desktop\plabs — копия — копия — копия\DZ_COMPANY_5\Company\Debug\link.6004-cvtres.read.1.tlog
C:\Users\jdmsh\Desktop\plabs — копия — копия — копия\DZ_COMPANY_5\Company\Debug\link.6004-cvtres.write.1.tlog
C:\Users\jdmsh\Desktop\plabs — копия — копия — копия\DZ_COMPANY_5\Company\Debug\link.6004-rc.read.1.tlog
C:\Users\jdmsh\Desktop\plabs — копия — копия — копия\DZ_COMPANY_5\Company\Debug\link.6004-rc.write.1.tlog
C:\Users\jdmsh\Desktop\plabs — копия — копия — копия\DZ_COMPANY_5\Company\Debug\link.6004.read.1.tlog
C:\Users\jdmsh\Desktop\plabs — копия — копия — копия\DZ_COMPANY_5\Company\Debug\link.6004.write.1.tlog
C:\Users\jdmsh\Desktop\plabs — копия — копия — копия\DZ_COMPANY_5\Company\Debug\link.6220-cvtres.read.1.tlog
C:\Users\jdmsh\Desktop\plabs — копия — копия — копия\DZ_COMPANY_5\Company\Debug\link.6220-cvtres.write.1.tlog
C:\Users\jdmsh\Desktop\plabs — копия — копия — копия\DZ_COMPANY_5\Company\Debug\link.6220-rc.read.1.tlog
C:\Users\jdmsh\Desktop\plabs — копия — копия — копия\DZ_COMPANY_5\Company\Debug\link.6220-rc.write.1.tlog
C:\Users\jdmsh\Desktop\plabs — копия — копия — копия\DZ_COMPANY_5\Company\Debug\link.6220.read.1.tlog
C:\Users\jdmsh\Desktop\plabs — копия — копия — копия\DZ_COMPANY_5\Company\Debug\link.6220.write.1.tlog
C:\Users\jdmsh\Desktop\plabs — копия — копия — копия\DZ_COMPANY_5\Company\Debug\link.7368-cvtres.read.1.tlog
C:\Users\jdmsh\Desktop\plabs — копия — копия — копия\DZ_COMPANY_5\Company\Debug\link.7368-cvtres.write.1.tlog
C:\Users\jdmsh\Desktop\plabs — копия — копия — копия\DZ_COMPANY_5\Company\Debug\link.7368-rc.read.1.tlog
C:\Users\jdmsh\Desktop\plabs — копия — копия — копия\DZ_COMPANY_5\Company\Debug\link.7368-rc.write.1.tlog
C:\Users\jdmsh\Desktop\plabs — копия — копия — копия\DZ_COMPANY_5\Company\Debug\link.7368.read.1.tlog
C:\Users\jdmsh\Desktop\plabs — копия — копия — копия\DZ_COMPANY_5\Company\Debug\link.7368.read.2.tlog
C:\Users\jdmsh\Desktop\plabs — копия — копия — копия\DZ_COMPANY_5\Company\Debug\link.7368.write.1.tlog
C:\Users\jdmsh\Desktop\plabs — копия — копия — копия\DZ_COMPANY_5\Company\Debug\link.7632-cvtres.read.1.tlog
C:\Users\jdmsh\Desktop\plabs — копия — копия — копия\DZ_COMPANY_5\Company\Debug\link.7632-cvtres.write.1.tlog
C:\Users\jdmsh\Desktop\plabs — копия — копия — копия\DZ_COMPANY_5\Company\Debug\link.7632-rc.read.1.tlog
C:\Users\jdmsh\Desktop\plabs — копия — копия — копия\DZ_COMPANY_5\Company\Debug\link.7632-rc.write.1.tlog
C:\Users\jdmsh\Desktop\plabs — копия — копия — копия\DZ_COMPANY_5\Company\Debug\link.7632.read.1.tlog
C:\Users\jdmsh\Desktop\plabs — копия — копия — копия\DZ_COMPANY_5\Company\Debug\link.7632.write.1.tlog
C:\Users\jdmsh\Desktop\plabs — копия — копия — копия\DZ_COMPANY_5\Company\Debug\link.7808-cvtres.read.1.tlog
C:\Users\jdmsh\Desktop\plabs — копия — копия — копия\DZ_COMPANY_5\Company\Debug\link.7808-cvtres.write.1.tlog
C:\Users\jdmsh\Desktop\plabs — копия — копия — копия\DZ_COMPANY_5\Company\Debug\link.7808-rc.read.1.tlog
C:\Users\jdmsh\Desktop\plabs — копия — копия — копия\DZ_COMPANY_5\Company\Debug\link.7808-rc.write.1.tlog
C:\Users\jdmsh\Desktop\plabs — копия — копия — копия\DZ_COMPANY_5\Company\Debug\link.7808.read.1.tlog
C:\Users\jdmsh\Desktop\plabs — копия — копия — копия\DZ_COMPANY_5\Company\Debug\link.7808.read.2.tlog
C:\Users\jdmsh\Desktop\plabs — копия — копия — копия\DZ_COMPANY_5\Company\Debug\link.7808.write.1.tlog
C:\Users\jdmsh\Desktop\plabs — копия — копия — копия\DZ_COMPANY_5\Company\Debug\link.8000-cvtres.read.1.tlog
C:\Users\jdmsh\Desktop\plabs — копия — копия — копия\DZ_COMPANY_5\Company\Debug\link.8000-cvtres.write.1.tlog
C:\Users\jdmsh\Desktop\plabs — копия — копия — копия\DZ_COMPANY_5\Company\Debug\link.8000-rc.read.1.tlog
C:\Users\jdmsh\Desktop\plabs — копия — копия — копия\DZ_COMPANY_5\Company\Debug\link.8000-rc.write.1.tlog
C:\Users\jdmsh\Desktop\plabs — копия — копия — копия\DZ_COMPANY_5\Company\Debug\link.8000.read.1.tlog
C:\Users\jdmsh\Desktop\plabs — копия — копия — копия\DZ_COMPANY_5\Company\Debug\link.8000.write.1.tlog
C:\Users\jdmsh\Desktop\plabs — копия — копия — копия\DZ_COMPANY_5\Company\Debug\link.8256-cvtres.read.1.tlog
C:\Users\jdmsh\Desktop\plabs — копия — копия — копия\DZ_COMPANY_5\Company\Debug\link.8256-cvtres.write.1.tlog
C:\Users\jdmsh\Desktop\plabs — копия — копия — копия\DZ_COMPANY_5\Company\Debug\link.8256-rc.read.1.tlog
C:\Users\jdmsh\Desktop\plabs — копия — копия — копия\DZ_COMPANY_5\Company\Debug\link.8256-rc.write.1.tlog
C:\Users\jdmsh\Desktop\plabs — копия — копия — копия\DZ_COMPANY_5\Company\Debug\link.8256.read.1.tlog
C:\Users\jdmsh\Desktop\plabs — копия — копия — копия\DZ_COMPANY_5\Company\Debug\link.8256.write.1.tlog
C:\Users\jdmsh\Desktop\plabs — копия — копия — копия\DZ_COMPANY_5\Company\Debug\link.8356-cvtres.read.1.tlog
C:\Users\jdmsh\Desktop\plabs — копия — копия — копия\DZ_COMPANY_5\Company\Debug\link.8356-cvtres.write.1.tlog
C:\Users\jdmsh\Desktop\plabs — копия — копия — копия\DZ_COMPANY_5\Company\Debug\link.8356-rc.read.1.tlog
C:\Users\jdmsh\Desktop\plabs — копия — копия — копия\DZ_COMPANY_5\Company\Debug\link.8356-rc.write.1.tlog
C:\Users\jdmsh\Desktop\plabs — копия — копия — копия\DZ_COMPANY_5\Company\Debug\link.8356.read.1.tlog
C:\Users\jdmsh\Desktop\plabs — копия — копия — копия\DZ_COMPANY_5\Company\Debug\link.8356.write.1.tlog
C:\Users\jdmsh\Desktop\plabs — копия — копия — копия\DZ_COMPANY_5\Company\Debug\link.8564-cvtres.read.1.tlog
C:\Users\jdmsh\Desktop\plabs — копия — копия — копия\DZ_COMPANY_5\Company\Debug\link.8564-cvtres.write.1.tlog
C:\Users\jdmsh\Desktop\plabs — копия — копия — копия\DZ_COMPANY_5\Company\Debug\link.8564-rc.read.1.tlog
C:\Users\jdmsh\Desktop\plabs — копия — копия — копия\DZ_COMPANY_5\Company\Debug\link.8564-rc.write.1.tlog
C:\Users\jdmsh\Desktop\plabs — копия — копия — копия\DZ_COMPANY_5\Company\Debug\link.8564.read.1.tlog
C:\Users\jdmsh\Desktop\plabs — копия — копия — копия\DZ_COMPANY_5\Company\Debug\link.8564.write.1.tlog
C:\Users\jdmsh\Desktop\plabs — копия — копия — копия\DZ_COMPANY_5\Company\Debug\link.8672-cvtres.read.1.tlog
C:\Users\jdmsh\Desktop\plabs — копия — копия — копия\DZ_COMPANY_5\Company\Debug\link.8672-cvtres.write.1.tlog
C:\Users\jdmsh\Desktop\plabs — копия — копия — копия\DZ_COMPANY_5\Company\Debug\link.8672-rc.read.1.tlog
C:\Users\jdmsh\Desktop\plabs — копия — копия — копия\DZ_COMPANY_5\Company\Debug\link.8672-rc.write.1.tlog
C:\Users\jdmsh\Desktop\plabs — копия — копия — копия\DZ_COMPANY_5\Company\Debug\link.8672.read.1.tlog
C:\Users\jdmsh\Desktop\plabs — копия — копия — копия\DZ_COMPANY_5\Company\Debug\link.8672.write.1.tlog
C:\Users\jdmsh\Desktop\plabs — копия — копия — копия\DZ_COMPANY_5\Company\Debug\link.8756-cvtres.read.1.tlog
C:\Users\jdmsh\Desktop\plabs — копия — копия — копия\DZ_COMPANY_5\Company\Debug\link.8756-cvtres.write.1.tlog
C:\Users\jdmsh\Desktop\plabs — копия — копия — копия\DZ_COMPANY_5\Company\Debug\link.8756-rc.read.1.tlog
C:\Users\jdmsh\Desktop\plabs — копия — копия — копия\DZ_COMPANY_5\Company\Debug\link.8756-rc.write.1.tlog
C:\Users\jdmsh\Desktop\plabs — копия — копия — копия\DZ_COMPANY_5\Company\Debug\link.8756.read.1.tlog
C:\Users\jdmsh\Desktop\plabs — копия — копия — копия\DZ_COMPANY_5\Company\Debug\link.8756.write.1.tlog
C:\Users\jdmsh\Desktop\plabs — копия — копия — копия\DZ_COMPANY_5\Company\Debug\link.9668-cvtres.read.1.tlog
C:\Users\jdmsh\Desktop\plabs — копия — копия — копия\DZ_COMPANY_5\Company\Debug\link.9668-cvtres.write.1.tlog
C:\Users\jdmsh\Desktop\plabs — копия — копия — копия\DZ_COMPANY_5\Company\Debug\link.9668-rc.read.1.tlog
C:\Users\jdmsh\Desktop\plabs — копия — копия — копия\DZ_COMPANY_5\Company\Debug\link.9668-rc.write.1.tlog
C:\Users\jdmsh\Desktop\plabs — копия — копия — копия\DZ_COMPANY_5\Company\Debug\link.9668.read.1.tlog
C:\Users\jdmsh\Desktop\plabs — копия — копия — копия\DZ_COMPANY_5\Company\Debug\link.9668.write.1.tlog
C:\Users\jdmsh\Desktop\plabs — копия — копия — копия\DZ_COMPANY_5\Company\Debug\link.9868-cvtres.read.1.tlog
C:\Users\jdmsh\Desktop\plabs — копия — копия — копия\DZ_COMPANY_5\Company\Debug\link.9868-cvtres.write.1.tlog
C:\Users\jdmsh\Desktop\plabs — копия — копия — копия\DZ_COMPANY_5\Company\Debug\link.9868-rc.read.1.tlog
C:\Users\jdmsh\Desktop\plabs — копия — копия — копия\DZ_COMPANY_5\Company\Debug\link.9868-rc.write.1.tlog
C:\Users\jdmsh\Desktop\plabs — копия — копия — копия\DZ_COMPANY_5\Company\Debug\link.9868.read.1.tlog
C:\Users\jdmsh\Desktop\plabs — копия — копия — копия\DZ_COMPANY_5\Company\Debug\link.9868.write.1.tlog
C:\Users\jdmsh\Desktop\plabs — копия — копия — копия\DZ_COMPANY_5\Company\Debug\link.9900-cvtres.read.1.tlog
C:\Users\jdmsh\Desktop\plabs — копия — копия — копия\DZ_COMPANY_5\Company\Debug\link.9900-cvtres.write.1.tlog
C:\Users\jdmsh\Desktop\plabs — копия — копия — копия\DZ_COMPANY_5\Company\Debug\link.9900-rc.read.1.tlog
C:\Users\jdmsh\Desktop\plabs — копия — копия — копия\DZ_COMPANY_5\Company\Debug\link.9900-rc.write.1.tlog
C:\Users\jdmsh\Desktop\plabs — копия — копия — копия\DZ_COMPANY_5\Company\Debug\link.9900.read.1.tlog
C:\Users\jdmsh\Desktop\plabs — копия — копия — копия\DZ_COMPANY_5\Company\Debug\link.9900.write.1.tlog
C:\Users\jdmsh\Desktop\plabs — копия — копия — копия\DZ_COMPANY_5\Company\Debug\link.command.1.tlog
C:\Users\jdmsh\Desktop\plabs — копия — копия — копия\DZ_COMPANY_5\Company\Debug\link.read.1.tlog
C:\Users\jdmsh\Desktop\plabs — копия — копия — копия\DZ_COMPANY_5\Company\Debug\link.read.2.tlog
C:\Users\jdmsh\Desktop\plabs — копия — копия — копия\DZ_COMPANY_5\Company\Debug\link.write.1.tlog
C:\Users\jdmsh\Desktop\plabs — копия — копия — копия\DZ_COMPANY_5\Company\Debug\vc110.idb
C:\Users\jdmsh\Desktop\plabs — копия — копия — копия\DZ_COMPANY_5\Company\Debug\vc110.pdb
C:\Users\jdmsh\Desktop\plabs — копия — копия — копия\DZ_COMPANY_5\Debug\Company.pdb
C:\Users\jdmsh\Desktop\plabs — копия — копия — копия\DZ_COMPANY_5\Debug\Company.exe
C:\Users\jdmsh\Desktop\plabs — копия — копия — копия\DZ_COMPANY_5\Debug\Company.ilk
