c:\users\alex\desktop\пкш2020_лр4_8\lab4_2\debug\dbdate8.obj
c:\users\alex\desktop\пкш2020_лр4_8\lab4_2\debug\dbtable8.obj
c:\users\alex\desktop\пкш2020_лр4_8\lab4_2\debug\dbtablebin8.obj
c:\users\alex\desktop\пкш2020_лр4_8\lab4_2\debug\dbtableset8.obj
c:\users\alex\desktop\пкш2020_лр4_8\lab4_2\debug\dbtabletxt8.obj
c:\users\alex\desktop\пкш2020_лр4_8\lab4_2\debug\testlab42_81.obj
c:\users\alex\desktop\пкш2020_лр4_8\lab4_2\debug\vc110.pdb
c:\users\alex\desktop\пкш2020_лр4_8\debug\lab4_2.ilk
c:\users\alex\desktop\пкш2020_лр4_8\debug\lab4_2.exe
c:\users\alex\desktop\пкш2020_лр4_8\debug\lab4_2.pdb
c:\users\александр\downloads\лабы папшев\пкш2020_лр4_8 (1)\lab4_2\debug\vc142.pdb
c:\users\александр\downloads\лабы папшев\пкш2020_лр4_8 (1)\lab4_2\debug\vc142.idb
c:\users\александр\downloads\лабы папшев\пкш2020_лр4_8 (1)\lab4_2\debug\testlab42_81.obj
c:\users\александр\downloads\лабы папшев\пкш2020_лр4_8 (1)\lab4_2\debug\dbtabletxt8.obj
c:\users\александр\downloads\лабы папшев\пкш2020_лр4_8 (1)\lab4_2\debug\dbtableset8.obj
c:\users\александр\downloads\лабы папшев\пкш2020_лр4_8 (1)\lab4_2\debug\dbtablebin8.obj
c:\users\александр\downloads\лабы папшев\пкш2020_лр4_8 (1)\lab4_2\debug\dbtable8.obj
c:\users\александр\downloads\лабы папшев\пкш2020_лр4_8 (1)\lab4_2\debug\dbdate8.obj
e:\пкш2020_лр4_8 (1)\lab4_2\debug\vc142.pdb
e:\пкш2020_лр4_8 (1)\lab4_2\debug\vc142.idb
e:\пкш2020_лр4_8 (1)\lab4_2\debug\testlab42_81.obj
e:\пкш2020_лр4_8 (1)\lab4_2\debug\dbtabletxt8.obj
e:\пкш2020_лр4_8 (1)\lab4_2\debug\dbtableset8.obj
e:\пкш2020_лр4_8 (1)\lab4_2\debug\dbtablebin8.obj
e:\пкш2020_лр4_8 (1)\lab4_2\debug\dbtable8.obj
e:\пкш2020_лр4_8 (1)\lab4_2\debug\dbdate8.obj
c:\users\александр\downloads\лабы папшев\пкш2020_лр4_8 (1)\debug\lab4_2.exe
c:\users\александр\downloads\лабы папшев\пкш2020_лр4_8 (1)\lab4_2\debug\lab4_2.ilk
c:\users\александр\downloads\лабы папшев\пкш2020_лр4_8 (1)\debug\lab4_2.pdb
e:\пкш2020_лр4_8 (1)\lab4_2\debug\lab4_2.ilk
e:\пкш2020_лр4_8 (1)\debug\lab4_2.exe
e:\пкш2020_лр4_8 (1)\debug\lab4_2.pdb
e:\пкш2020_лр4_8 (1)\lab4_2\debug\dbdate7.obj
e:\пкш2020_лр4_8 (1)\lab4_2\debug\dbtable7.obj
e:\пкш2020_лр4_8 (1)\lab4_2\debug\dbtablebin7.obj
e:\пкш2020_лр4_8 (1)\lab4_2\debug\dbtableset7.obj
e:\пкш2020_лр4_8 (1)\lab4_2\debug\dbtabletxt7.obj
e:\пкш2020_лр4_8 (1)\lab4_2\debug\testlab42_71.obj
e:\пкш2020_лр4_8 (1)\lab4_2\debug\cl.command.1.tlog
e:\пкш2020_лр4_8 (1)\lab4_2\debug\cl.read.1.tlog
e:\пкш2020_лр4_8 (1)\lab4_2\debug\cl.write.1.tlog
e:\пкш2020_лр4_8 (1)\lab4_2\debug\link-cvtres.read.1.tlog
e:\пкш2020_лр4_8 (1)\lab4_2\debug\link-cvtres.write.1.tlog
e:\пкш2020_лр4_8 (1)\lab4_2\debug\link-rc.read.1.tlog
e:\пкш2020_лр4_8 (1)\lab4_2\debug\link-rc.write.1.tlog
e:\пкш2020_лр4_8 (1)\lab4_2\debug\link.10420-cvtres.read.1.tlog
e:\пкш2020_лр4_8 (1)\lab4_2\debug\link.10420-cvtres.write.1.tlog
e:\пкш2020_лр4_8 (1)\lab4_2\debug\link.10420-rc.read.1.tlog
e:\пкш2020_лр4_8 (1)\lab4_2\debug\link.10420-rc.write.1.tlog
e:\пкш2020_лр4_8 (1)\lab4_2\debug\link.10420.read.1.tlog
e:\пкш2020_лр4_8 (1)\lab4_2\debug\link.10420.write.1.tlog
e:\пкш2020_лр4_8 (1)\lab4_2\debug\link.128-cvtres.read.1.tlog
e:\пкш2020_лр4_8 (1)\lab4_2\debug\link.128-cvtres.write.1.tlog
e:\пкш2020_лр4_8 (1)\lab4_2\debug\link.128-rc.read.1.tlog
e:\пкш2020_лр4_8 (1)\lab4_2\debug\link.128-rc.write.1.tlog
e:\пкш2020_лр4_8 (1)\lab4_2\debug\link.128.read.1.tlog
e:\пкш2020_лр4_8 (1)\lab4_2\debug\link.128.write.1.tlog
e:\пкш2020_лр4_8 (1)\lab4_2\debug\link.1988-cvtres.read.1.tlog
e:\пкш2020_лр4_8 (1)\lab4_2\debug\link.1988-cvtres.write.1.tlog
e:\пкш2020_лр4_8 (1)\lab4_2\debug\link.1988-rc.read.1.tlog
e:\пкш2020_лр4_8 (1)\lab4_2\debug\link.1988-rc.write.1.tlog
e:\пкш2020_лр4_8 (1)\lab4_2\debug\link.1988.read.1.tlog
e:\пкш2020_лр4_8 (1)\lab4_2\debug\link.1988.write.1.tlog
e:\пкш2020_лр4_8 (1)\lab4_2\debug\link.3248-cvtres.read.1.tlog
e:\пкш2020_лр4_8 (1)\lab4_2\debug\link.3248-cvtres.write.1.tlog
e:\пкш2020_лр4_8 (1)\lab4_2\debug\link.3248-rc.read.1.tlog
e:\пкш2020_лр4_8 (1)\lab4_2\debug\link.3248-rc.write.1.tlog
e:\пкш2020_лр4_8 (1)\lab4_2\debug\link.3248.read.1.tlog
e:\пкш2020_лр4_8 (1)\lab4_2\debug\link.3248.write.1.tlog
e:\пкш2020_лр4_8 (1)\lab4_2\debug\link.340-cvtres.read.1.tlog
e:\пкш2020_лр4_8 (1)\lab4_2\debug\link.340-cvtres.write.1.tlog
e:\пкш2020_лр4_8 (1)\lab4_2\debug\link.340-rc.read.1.tlog
e:\пкш2020_лр4_8 (1)\lab4_2\debug\link.340-rc.write.1.tlog
e:\пкш2020_лр4_8 (1)\lab4_2\debug\link.340.read.1.tlog
e:\пкш2020_лр4_8 (1)\lab4_2\debug\link.340.write.1.tlog
e:\пкш2020_лр4_8 (1)\lab4_2\debug\link.39628-cvtres.read.1.tlog
e:\пкш2020_лр4_8 (1)\lab4_2\debug\link.39628-cvtres.write.1.tlog
e:\пкш2020_лр4_8 (1)\lab4_2\debug\link.39628-rc.read.1.tlog
e:\пкш2020_лр4_8 (1)\lab4_2\debug\link.39628-rc.write.1.tlog
e:\пкш2020_лр4_8 (1)\lab4_2\debug\link.39628.read.1.tlog
e:\пкш2020_лр4_8 (1)\lab4_2\debug\link.39628.write.1.tlog
e:\пкш2020_лр4_8 (1)\lab4_2\debug\link.4748-cvtres.read.1.tlog
e:\пкш2020_лр4_8 (1)\lab4_2\debug\link.4748-cvtres.write.1.tlog
e:\пкш2020_лр4_8 (1)\lab4_2\debug\link.4748-rc.read.1.tlog
e:\пкш2020_лр4_8 (1)\lab4_2\debug\link.4748-rc.write.1.tlog
e:\пкш2020_лр4_8 (1)\lab4_2\debug\link.4748.read.1.tlog
e:\пкш2020_лр4_8 (1)\lab4_2\debug\link.4748.write.1.tlog
e:\пкш2020_лр4_8 (1)\lab4_2\debug\link.5612-cvtres.read.1.tlog
e:\пкш2020_лр4_8 (1)\lab4_2\debug\link.5612-cvtres.write.1.tlog
e:\пкш2020_лр4_8 (1)\lab4_2\debug\link.5612-rc.read.1.tlog
e:\пкш2020_лр4_8 (1)\lab4_2\debug\link.5612-rc.write.1.tlog
e:\пкш2020_лр4_8 (1)\lab4_2\debug\link.5612.read.1.tlog
e:\пкш2020_лр4_8 (1)\lab4_2\debug\link.5612.write.1.tlog
e:\пкш2020_лр4_8 (1)\lab4_2\debug\link.6804-cvtres.read.1.tlog
e:\пкш2020_лр4_8 (1)\lab4_2\debug\link.6804-cvtres.write.1.tlog
e:\пкш2020_лр4_8 (1)\lab4_2\debug\link.6804-rc.read.1.tlog
e:\пкш2020_лр4_8 (1)\lab4_2\debug\link.6804-rc.write.1.tlog
e:\пкш2020_лр4_8 (1)\lab4_2\debug\link.6804.read.1.tlog
e:\пкш2020_лр4_8 (1)\lab4_2\debug\link.6804.write.1.tlog
e:\пкш2020_лр4_8 (1)\lab4_2\debug\link.6932-cvtres.read.1.tlog
e:\пкш2020_лр4_8 (1)\lab4_2\debug\link.6932-cvtres.write.1.tlog
e:\пкш2020_лр4_8 (1)\lab4_2\debug\link.6932-rc.read.1.tlog
e:\пкш2020_лр4_8 (1)\lab4_2\debug\link.6932-rc.write.1.tlog
e:\пкш2020_лр4_8 (1)\lab4_2\debug\link.6932.read.1.tlog
e:\пкш2020_лр4_8 (1)\lab4_2\debug\link.6932.write.1.tlog
e:\пкш2020_лр4_8 (1)\lab4_2\debug\link.command.1.tlog
e:\пкш2020_лр4_8 (1)\lab4_2\debug\link.read.1.tlog
e:\пкш2020_лр4_8 (1)\lab4_2\debug\link.write.1.tlog
e:\пкш2020_лр4_8 (1)\lab4_2\debug\vc110.idb
e:\пкш2020_лр4_8 (1)\lab4_2\debug\vc110.pdb
e:\пкш2020_лр4_8 (1)\debug\lab4_2.ilk
e:\пкш2020_лр4_8 (1)\lab4_2\debug\lab4_2.tlog\cl.command.1.tlog
e:\пкш2020_лр4_8 (1)\lab4_2\debug\lab4_2.tlog\cl.read.1.tlog
e:\пкш2020_лр4_8 (1)\lab4_2\debug\lab4_2.tlog\cl.write.1.tlog
e:\пкш2020_лр4_8 (1)\lab4_2\debug\lab4_2.tlog\link.command.1.tlog
e:\пкш2020_лр4_8 (1)\lab4_2\debug\lab4_2.tlog\link.read.1.tlog
e:\пкш2020_лр4_8 (1)\lab4_2\debug\lab4_2.tlog\link.write.1.tlog
