c:\users\alex\desktop\пкш2020_лр4_8\lab4_1\debug\read.obj
c:\users\alex\desktop\пкш2020_лр4_8\lab4_1\debug\testlab41_71.obj
c:\users\alex\desktop\пкш2020_лр4_8\lab4_1\debug\vc110.pdb
c:\users\alex\desktop\пкш2020_лр4_8\debug\lab4_1.ilk
c:\users\alex\desktop\пкш2020_лр4_8\debug\lab4_1.exe
c:\users\alex\desktop\пкш2020_лр4_8\debug\lab4_1.pdb
e:\пкш2020_лр4_8 (1)\lab4_1\debug\read.obj
e:\пкш2020_лр4_8 (1)\lab4_1\debug\testlab41_71.obj
e:\пкш2020_лр4_8 (1)\lab4_1\debug\cl.command.1.tlog
e:\пкш2020_лр4_8 (1)\lab4_1\debug\cl.read.1.tlog
e:\пкш2020_лр4_8 (1)\lab4_1\debug\cl.write.1.tlog
e:\пкш2020_лр4_8 (1)\lab4_1\debug\link-cvtres.read.1.tlog
e:\пкш2020_лр4_8 (1)\lab4_1\debug\link-cvtres.write.1.tlog
e:\пкш2020_лр4_8 (1)\lab4_1\debug\link-rc.read.1.tlog
e:\пкш2020_лр4_8 (1)\lab4_1\debug\link-rc.write.1.tlog
e:\пкш2020_лр4_8 (1)\lab4_1\debug\link.10844-cvtres.read.1.tlog
e:\пкш2020_лр4_8 (1)\lab4_1\debug\link.10844-cvtres.write.1.tlog
e:\пкш2020_лр4_8 (1)\lab4_1\debug\link.10844-rc.read.1.tlog
e:\пкш2020_лр4_8 (1)\lab4_1\debug\link.10844-rc.write.1.tlog
e:\пкш2020_лр4_8 (1)\lab4_1\debug\link.10844.read.1.tlog
e:\пкш2020_лр4_8 (1)\lab4_1\debug\link.10844.read.2.tlog
e:\пкш2020_лр4_8 (1)\lab4_1\debug\link.10844.write.1.tlog
e:\пкш2020_лр4_8 (1)\lab4_1\debug\link.12236-cvtres.read.1.tlog
e:\пкш2020_лр4_8 (1)\lab4_1\debug\link.12236-cvtres.write.1.tlog
e:\пкш2020_лр4_8 (1)\lab4_1\debug\link.12236-rc.read.1.tlog
e:\пкш2020_лр4_8 (1)\lab4_1\debug\link.12236-rc.write.1.tlog
e:\пкш2020_лр4_8 (1)\lab4_1\debug\link.12236.read.1.tlog
e:\пкш2020_лр4_8 (1)\lab4_1\debug\link.12236.read.2.tlog
e:\пкш2020_лр4_8 (1)\lab4_1\debug\link.12236.write.1.tlog
e:\пкш2020_лр4_8 (1)\lab4_1\debug\link.command.1.tlog
e:\пкш2020_лр4_8 (1)\lab4_1\debug\link.read.1.tlog
e:\пкш2020_лр4_8 (1)\lab4_1\debug\link.read.2.tlog
e:\пкш2020_лр4_8 (1)\lab4_1\debug\link.write.1.tlog
e:\пкш2020_лр4_8 (1)\lab4_1\debug\vc110.idb
e:\пкш2020_лр4_8 (1)\lab4_1\debug\vc110.pdb
e:\пкш2020_лр4_8 (1)\debug\lab4_1.pdb
e:\пкш2020_лр4_8 (1)\debug\lab4_1.exe
e:\пкш2020_лр4_8 (1)\debug\lab4_1.ilk
